<?xml version="1.0" encoding="UTF-8"?>
<testsuites name="Mocha Tests" time="1.155" tests="9" failures="1">
  <testsuite name="Root Suite" timestamp="2023-11-24T11:33:50" tests="0" file="sampleTest" time="0.000" failures="0">
  </testsuite>
  <testsuite name="testSuite 0" timestamp="2023-11-24T11:33:50" tests="1" time="1.137" failures="0">
    <testcase name="testCase 0.1" time="0.067" classname="testSuite 0">
      <properties>
        <property name="test_key" value="test0.1"/>
      </properties>
    </testcase>
  </testsuite>
  <testsuite name="testSuite 1" timestamp="2023-11-24T11:33:50" tests="1" time="0.792" failures="1">
    <testcase name="testCase 1.1" time="0.416" classname="testSuite 0 testSuite 1">
      <failure message="expected true to equal false" type="AssertionError"><![CDATA[AssertionError: expected true to equal false
    at Context.eval (webpack:///./cypress/e2e/sampleTest.cy.js:4:19)

      + expected - actual:  failed to generate Mocha diff
]]></failure>
      <properties>
        <property name="test_key" value="test1.1"/>
        <property name="testrun_comment"><![CDATA[{color:#ff0000}AssertionError: expected true to equal false
    at Context.eval (webpack:///./cypress/e2e/sampleTest.cy.js:4:19)

      + expected - actual:  failed to generate Mocha diff
{color}]]></property>
      </properties>
    </testcase>
  </testsuite>
  <testsuite name="testSuite 2" timestamp="2023-11-24T11:33:51" tests="3" time="0.110" failures="0">
  </testsuite>
  <testsuite name="testSuite 3" timestamp="2023-11-24T11:33:51" tests="2" time="0.076" failures="0">
    <testcase name="testCase 3.1" time="0.042" classname="testSuite 0 testSuite 3">
      <properties>
        <property name="test_key" value="test3.1"/>
      </properties>
    </testcase>
    <testcase name="testCase 3.2" time="0.032" classname="testSuite 0 testSuite 3">
      <properties>
        <property name="test_key" value="test3.2"/>
      </properties>
    </testcase>
  </testsuite>
  <testsuite name="testSuite 4" timestamp="2023-11-24T11:33:51" tests="1" time="0.051" failures="0">
    <testcase name="testCase 4.1" time="0.047" classname="testSuite 0 testSuite 4">
      <properties>
        <property name="test_key" value="test4.1.1"/>
      </properties>
    </testcase>
  </testsuite>
  <testsuite name="testSuite 4" timestamp="2023-11-24T11:33:51" tests="1" time="0.042" failures="0">
    <testcase name="testCase 4.1" time="0.035" classname="testSuite 0 testSuite 4">
      <properties>
        <property name="test_key" value="test4.1.2"/>
      </properties>
    </testcase>
  </testsuite>
</testsuites>