<?xml version="1.0" encoding="UTF-8"?>
<testsuites name="Mocha Tests" time="0.853" tests="9" failures="1">
  <testsuite name="Root Suite" timestamp="2023-11-24T11:33:54" tests="0" file="sampleTest2" time="0.000" failures="0">
  </testsuite>
  <testsuite name="testSuite 0" timestamp="2023-11-24T11:33:54" tests="1" time="0.834" failures="0">
    <testcase name="testCase 0.1" time="0.066" classname="testSuite 0">
      <properties>
        <property name="test_key" value="test0.1"/>
      </properties>
    </testcase>
  </testsuite>
  <testsuite name="testSuite 1" timestamp="2023-11-24T11:33:54" tests="1" time="0.516" failures="1">
    <testcase name="testCase 1.1" time="0.226" classname="testSuite 0 testSuite 1">
      <failure message="expected true to equal false" type="AssertionError"><![CDATA[AssertionError: expected true to equal false
    at Context.eval (webpack:///./cypress/e2e/sampleTest2.cy.js:4:19)

      + expected - actual:  failed to generate Mocha diff
]]></failure>
      <properties>
        <property name="test_key" value="test1.1"/>
        <property name="testrun_comment"><![CDATA[{color:#ff0000}AssertionError: expected true to equal false
    at Context.eval (webpack:///./cypress/e2e/sampleTest2.cy.js:4:19)

      + expected - actual:  failed to generate Mocha diff
{color}]]></property>
      </properties>
    </testcase>
  </testsuite>
  <testsuite name="testSuite 2" timestamp="2023-11-24T11:33:54" tests="3" time="0.106" failures="0">
  </testsuite>
  <testsuite name="testSuite 3" timestamp="2023-11-24T11:33:54" tests="2" time="0.075" failures="0">
    <testcase name="testCase 3.1" time="0.043" classname="testSuite 0 testSuite 3">
      <properties>
        <property name="test_key" value="test3.1"/>
      </properties>
    </testcase>
    <testcase name="testCase 3.2" time="0.033" classname="testSuite 0 testSuite 3">
      <properties>
        <property name="test_key" value="test3.2"/>
      </properties>
    </testcase>
  </testsuite>
  <testsuite name="testSuite 4" timestamp="2023-11-24T11:33:54" tests="1" time="0.039" failures="0">
    <testcase name="testCase 4.1" time="0.033" classname="testSuite 0 testSuite 4">
      <properties>
        <property name="test_key" value="test4.1.1"/>
      </properties>
    </testcase>
  </testsuite>
  <testsuite name="testSuite 4" timestamp="2023-11-24T11:33:54" tests="1" time="0.034" failures="0">
    <testcase name="testCase 4.1" time="0.034" classname="testSuite 0 testSuite 4">
      <properties>
        <property name="test_key" value="test4.1.2"/>
      </properties>
    </testcase>
  </testsuite>
</testsuites>